  balltracker.cpp
  _WIN32_WINNT not defined. Defaulting to _WIN32_WINNT_MAXVER (see WinSDKVer.h)
C:\Users\admin\source\repos\balltracker\balltracker\balltracker.cpp(50,40): warning C4305:  '초기화 중': 'double'에서 'float'(으)로 잘립니다.
C:\Users\admin\source\repos\balltracker\balltracker\balltracker.cpp(71,63): warning C4267:  '인수': 'size_t'에서 'unsigned int'(으)로 변환하면서 데이터가 손실될 수 있습니다.
C:\Users\admin\source\repos\balltracker\balltracker\balltracker.cpp(85,57): warning C4267:  '인수': 'size_t'에서 'unsigned int'(으)로 변환하면서 데이터가 손실될 수 있습니다.
C:\Users\admin\source\repos\balltracker\balltracker\balltracker.cpp(109,65): warning C4244:  '인수': 'double'에서 'float'(으)로 변환하면서 데이터가 손실될 수 있습니다.
C:\Users\admin\source\repos\balltracker\balltracker\balltracker.cpp(109,56): warning C4244:  '인수': 'double'에서 'float'(으)로 변환하면서 데이터가 손실될 수 있습니다.
C:\Users\admin\source\repos\balltracker\balltracker\balltracker.cpp(109,47): warning C4244:  '인수': 'double'에서 'float'(으)로 변환하면서 데이터가 손실될 수 있습니다.
C:\Users\admin\source\repos\balltracker\balltracker\balltracker.cpp(109,38): warning C4244:  '인수': 'double'에서 'float'(으)로 변환하면서 데이터가 손실될 수 있습니다.
C:\Users\admin\source\repos\balltracker\balltracker\balltracker.cpp(109,29): warning C4244:  '인수': 'double'에서 'float'(으)로 변환하면서 데이터가 손실될 수 있습니다.
C:\Users\admin\source\repos\balltracker\balltracker\balltracker.cpp(109,20): warning C4244:  '인수': 'double'에서 'float'(으)로 변환하면서 데이터가 손실될 수 있습니다.
C:\Users\admin\source\repos\balltracker\balltracker\balltracker.cpp(186,24): warning C4553:  '==': 식의 결과가 사용되지 않습니다. '='을(를) 의도했습니까?
C:\Users\admin\source\repos\balltracker\balltracker\balltracker.cpp(254,92): warning C4244:  '인수': 'double'에서 '_Tp'(으)로 변환하면서 데이터가 손실될 수 있습니다.
C:\Users\admin\source\repos\balltracker\balltracker\balltracker.cpp(254,92): warning C4244:         with
C:\Users\admin\source\repos\balltracker\balltracker\balltracker.cpp(254,92): warning C4244:         [
C:\Users\admin\source\repos\balltracker\balltracker\balltracker.cpp(254,92): warning C4244:             _Tp=float
C:\Users\admin\source\repos\balltracker\balltracker\balltracker.cpp(254,92): warning C4244:         ]
C:\Users\admin\source\repos\balltracker\balltracker\balltracker.cpp(254,51): warning C4244:  '인수': 'double'에서 '_Tp'(으)로 변환하면서 데이터가 손실될 수 있습니다.
C:\Users\admin\source\repos\balltracker\balltracker\balltracker.cpp(254,51): warning C4244:         with
C:\Users\admin\source\repos\balltracker\balltracker\balltracker.cpp(254,51): warning C4244:         [
C:\Users\admin\source\repos\balltracker\balltracker\balltracker.cpp(254,51): warning C4244:             _Tp=float
C:\Users\admin\source\repos\balltracker\balltracker\balltracker.cpp(254,51): warning C4244:         ]
C:\Users\admin\source\repos\balltracker\balltracker\balltracker.cpp(440,50): warning C4305:  '인수': 'double'에서 '_Tp'(으)로 잘립니다.
C:\Users\admin\source\repos\balltracker\balltracker\balltracker.cpp(440,50): warning C4305:         with
C:\Users\admin\source\repos\balltracker\balltracker\balltracker.cpp(440,50): warning C4305:         [
C:\Users\admin\source\repos\balltracker\balltracker\balltracker.cpp(440,50): warning C4305:             _Tp=float
C:\Users\admin\source\repos\balltracker\balltracker\balltracker.cpp(440,50): warning C4305:         ]
C:\Users\admin\source\repos\balltracker\balltracker\balltracker.cpp(440,83): warning C4305:  '인수': 'double'에서 '_Tp'(으)로 잘립니다.
C:\Users\admin\source\repos\balltracker\balltracker\balltracker.cpp(440,83): warning C4305:         with
C:\Users\admin\source\repos\balltracker\balltracker\balltracker.cpp(440,83): warning C4305:         [
C:\Users\admin\source\repos\balltracker\balltracker\balltracker.cpp(440,83): warning C4305:             _Tp=float
C:\Users\admin\source\repos\balltracker\balltracker\balltracker.cpp(440,83): warning C4305:         ]
C:\Users\admin\source\repos\balltracker\balltracker\balltracker.cpp(440,116): warning C4305:  '인수': 'double'에서 '_Tp'(으)로 잘립니다.
C:\Users\admin\source\repos\balltracker\balltracker\balltracker.cpp(440,116): warning C4305:         with
C:\Users\admin\source\repos\balltracker\balltracker\balltracker.cpp(440,116): warning C4305:         [
C:\Users\admin\source\repos\balltracker\balltracker\balltracker.cpp(440,116): warning C4305:             _Tp=float
C:\Users\admin\source\repos\balltracker\balltracker\balltracker.cpp(440,116): warning C4305:         ]
C:\Users\admin\source\repos\balltracker\balltracker\balltracker.cpp(441,35): warning C4305:  '인수': 'double'에서 '_Tp'(으)로 잘립니다.
C:\Users\admin\source\repos\balltracker\balltracker\balltracker.cpp(441,35): warning C4305:         with
C:\Users\admin\source\repos\balltracker\balltracker\balltracker.cpp(441,35): warning C4305:         [
C:\Users\admin\source\repos\balltracker\balltracker\balltracker.cpp(441,35): warning C4305:             _Tp=float
C:\Users\admin\source\repos\balltracker\balltracker\balltracker.cpp(441,35): warning C4305:         ]
C:\Users\admin\source\repos\balltracker\balltracker\balltracker.cpp(441,68): warning C4305:  '인수': 'double'에서 '_Tp'(으)로 잘립니다.
C:\Users\admin\source\repos\balltracker\balltracker\balltracker.cpp(441,68): warning C4305:         with
C:\Users\admin\source\repos\balltracker\balltracker\balltracker.cpp(441,68): warning C4305:         [
C:\Users\admin\source\repos\balltracker\balltracker\balltracker.cpp(441,68): warning C4305:             _Tp=float
C:\Users\admin\source\repos\balltracker\balltracker\balltracker.cpp(441,68): warning C4305:         ]
C:\Users\admin\source\repos\balltracker\balltracker\balltracker.cpp(441,101): warning C4305:  '인수': 'double'에서 '_Tp'(으)로 잘립니다.
C:\Users\admin\source\repos\balltracker\balltracker\balltracker.cpp(441,101): warning C4305:         with
C:\Users\admin\source\repos\balltracker\balltracker\balltracker.cpp(441,101): warning C4305:         [
C:\Users\admin\source\repos\balltracker\balltracker\balltracker.cpp(441,101): warning C4305:             _Tp=float
C:\Users\admin\source\repos\balltracker\balltracker\balltracker.cpp(441,101): warning C4305:         ]
C:\Users\admin\source\repos\balltracker\balltracker\balltracker.cpp(442,36): warning C4305:  '인수': 'double'에서 '_Tp'(으)로 잘립니다.
C:\Users\admin\source\repos\balltracker\balltracker\balltracker.cpp(442,36): warning C4305:         with
C:\Users\admin\source\repos\balltracker\balltracker\balltracker.cpp(442,36): warning C4305:         [
C:\Users\admin\source\repos\balltracker\balltracker\balltracker.cpp(442,36): warning C4305:             _Tp=float
C:\Users\admin\source\repos\balltracker\balltracker\balltracker.cpp(442,36): warning C4305:         ]
C:\Users\admin\source\repos\balltracker\balltracker\balltracker.cpp(442,69): warning C4305:  '인수': 'double'에서 '_Tp'(으)로 잘립니다.
C:\Users\admin\source\repos\balltracker\balltracker\balltracker.cpp(442,69): warning C4305:         with
C:\Users\admin\source\repos\balltracker\balltracker\balltracker.cpp(442,69): warning C4305:         [
C:\Users\admin\source\repos\balltracker\balltracker\balltracker.cpp(442,69): warning C4305:             _Tp=float
C:\Users\admin\source\repos\balltracker\balltracker\balltracker.cpp(442,69): warning C4305:         ]
C:\Users\admin\source\repos\balltracker\balltracker\balltracker.cpp(442,102): warning C4305:  '인수': 'double'에서 '_Tp'(으)로 잘립니다.
C:\Users\admin\source\repos\balltracker\balltracker\balltracker.cpp(442,102): warning C4305:         with
C:\Users\admin\source\repos\balltracker\balltracker\balltracker.cpp(442,102): warning C4305:         [
C:\Users\admin\source\repos\balltracker\balltracker\balltracker.cpp(442,102): warning C4305:             _Tp=float
C:\Users\admin\source\repos\balltracker\balltracker\balltracker.cpp(442,102): warning C4305:         ]
C:\Users\admin\source\repos\balltracker\balltracker\balltracker.cpp(444,53): warning C4305:  '인수': 'double'에서 '_Tp'(으)로 잘립니다.
C:\Users\admin\source\repos\balltracker\balltracker\balltracker.cpp(444,53): warning C4305:         with
C:\Users\admin\source\repos\balltracker\balltracker\balltracker.cpp(444,53): warning C4305:         [
C:\Users\admin\source\repos\balltracker\balltracker\balltracker.cpp(444,53): warning C4305:             _Tp=float
C:\Users\admin\source\repos\balltracker\balltracker\balltracker.cpp(444,53): warning C4305:         ]
C:\Users\admin\source\repos\balltracker\balltracker\balltracker.cpp(444,86): warning C4305:  '인수': 'double'에서 '_Tp'(으)로 잘립니다.
C:\Users\admin\source\repos\balltracker\balltracker\balltracker.cpp(444,86): warning C4305:         with
C:\Users\admin\source\repos\balltracker\balltracker\balltracker.cpp(444,86): warning C4305:         [
C:\Users\admin\source\repos\balltracker\balltracker\balltracker.cpp(444,86): warning C4305:             _Tp=float
C:\Users\admin\source\repos\balltracker\balltracker\balltracker.cpp(444,86): warning C4305:         ]
C:\Users\admin\source\repos\balltracker\balltracker\balltracker.cpp(444,119): warning C4305:  '인수': 'double'에서 '_Tp'(으)로 잘립니다.
C:\Users\admin\source\repos\balltracker\balltracker\balltracker.cpp(444,119): warning C4305:         with
C:\Users\admin\source\repos\balltracker\balltracker\balltracker.cpp(444,119): warning C4305:         [
C:\Users\admin\source\repos\balltracker\balltracker\balltracker.cpp(444,119): warning C4305:             _Tp=float
C:\Users\admin\source\repos\balltracker\balltracker\balltracker.cpp(444,119): warning C4305:         ]
C:\Users\admin\source\repos\balltracker\balltracker\balltracker.cpp(445,35): warning C4305:  '인수': 'double'에서 '_Tp'(으)로 잘립니다.
C:\Users\admin\source\repos\balltracker\balltracker\balltracker.cpp(445,35): warning C4305:         with
C:\Users\admin\source\repos\balltracker\balltracker\balltracker.cpp(445,35): warning C4305:         [
C:\Users\admin\source\repos\balltracker\balltracker\balltracker.cpp(445,35): warning C4305:             _Tp=float
C:\Users\admin\source\repos\balltracker\balltracker\balltracker.cpp(445,35): warning C4305:         ]
C:\Users\admin\source\repos\balltracker\balltracker\balltracker.cpp(445,68): warning C4305:  '인수': 'double'에서 '_Tp'(으)로 잘립니다.
C:\Users\admin\source\repos\balltracker\balltracker\balltracker.cpp(445,68): warning C4305:         with
C:\Users\admin\source\repos\balltracker\balltracker\balltracker.cpp(445,68): warning C4305:         [
C:\Users\admin\source\repos\balltracker\balltracker\balltracker.cpp(445,68): warning C4305:             _Tp=float
C:\Users\admin\source\repos\balltracker\balltracker\balltracker.cpp(445,68): warning C4305:         ]
C:\Users\admin\source\repos\balltracker\balltracker\balltracker.cpp(445,101): warning C4305:  '인수': 'double'에서 '_Tp'(으)로 잘립니다.
C:\Users\admin\source\repos\balltracker\balltracker\balltracker.cpp(445,101): warning C4305:         with
C:\Users\admin\source\repos\balltracker\balltracker\balltracker.cpp(445,101): warning C4305:         [
C:\Users\admin\source\repos\balltracker\balltracker\balltracker.cpp(445,101): warning C4305:             _Tp=float
C:\Users\admin\source\repos\balltracker\balltracker\balltracker.cpp(445,101): warning C4305:         ]
C:\Users\admin\source\repos\balltracker\balltracker\balltracker.cpp(446,35): warning C4305:  '인수': 'double'에서 '_Tp'(으)로 잘립니다.
C:\Users\admin\source\repos\balltracker\balltracker\balltracker.cpp(446,35): warning C4305:         with
C:\Users\admin\source\repos\balltracker\balltracker\balltracker.cpp(446,35): warning C4305:         [
C:\Users\admin\source\repos\balltracker\balltracker\balltracker.cpp(446,35): warning C4305:             _Tp=float
C:\Users\admin\source\repos\balltracker\balltracker\balltracker.cpp(446,35): warning C4305:         ]
C:\Users\admin\source\repos\balltracker\balltracker\balltracker.cpp(446,68): warning C4305:  '인수': 'double'에서 '_Tp'(으)로 잘립니다.
C:\Users\admin\source\repos\balltracker\balltracker\balltracker.cpp(446,68): warning C4305:         with
C:\Users\admin\source\repos\balltracker\balltracker\balltracker.cpp(446,68): warning C4305:         [
C:\Users\admin\source\repos\balltracker\balltracker\balltracker.cpp(446,68): warning C4305:             _Tp=float
C:\Users\admin\source\repos\balltracker\balltracker\balltracker.cpp(446,68): warning C4305:         ]
C:\Users\admin\source\repos\balltracker\balltracker\balltracker.cpp(446,101): warning C4305:  '인수': 'double'에서 '_Tp'(으)로 잘립니다.
C:\Users\admin\source\repos\balltracker\balltracker\balltracker.cpp(446,101): warning C4305:         with
C:\Users\admin\source\repos\balltracker\balltracker\balltracker.cpp(446,101): warning C4305:         [
C:\Users\admin\source\repos\balltracker\balltracker\balltracker.cpp(446,101): warning C4305:             _Tp=float
C:\Users\admin\source\repos\balltracker\balltracker\balltracker.cpp(446,101): warning C4305:         ]
  코드를 생성하고 있습니다.
  85 of 738 functions (11.5%) were compiled, the rest were copied from previous compilation.
    0 functions were new in current compilation
    28 functions had inline decision re-evaluated but remain unchanged
  코드를 생성했습니다.
  balltracker.vcxproj -> C:\Users\admin\source\repos\balltracker\x64\Release\balltracker.exe
