  balltracker.cpp
  _WIN32_WINNT not defined. Defaulting to _WIN32_WINNT_MAXVER (see WinSDKVer.h)
C:\Users\admin\source\repos\balltracker\balltracker\balltracker.cpp(48,40): warning C4305:  '초기화 중': 'double'에서 'float'(으)로 잘립니다.
C:\Users\admin\source\repos\balltracker\balltracker\balltracker.cpp(68,63): warning C4267:  '인수': 'size_t'에서 'unsigned int'(으)로 변환하면서 데이터가 손실될 수 있습니다.
C:\Users\admin\source\repos\balltracker\balltracker\balltracker.cpp(82,57): warning C4267:  '인수': 'size_t'에서 'unsigned int'(으)로 변환하면서 데이터가 손실될 수 있습니다.
C:\Users\admin\source\repos\balltracker\balltracker\balltracker.cpp(104,65): warning C4244:  '인수': 'double'에서 'float'(으)로 변환하면서 데이터가 손실될 수 있습니다.
C:\Users\admin\source\repos\balltracker\balltracker\balltracker.cpp(104,56): warning C4244:  '인수': 'double'에서 'float'(으)로 변환하면서 데이터가 손실될 수 있습니다.
C:\Users\admin\source\repos\balltracker\balltracker\balltracker.cpp(104,47): warning C4244:  '인수': 'double'에서 'float'(으)로 변환하면서 데이터가 손실될 수 있습니다.
C:\Users\admin\source\repos\balltracker\balltracker\balltracker.cpp(104,38): warning C4244:  '인수': 'double'에서 'float'(으)로 변환하면서 데이터가 손실될 수 있습니다.
C:\Users\admin\source\repos\balltracker\balltracker\balltracker.cpp(104,29): warning C4244:  '인수': 'double'에서 'float'(으)로 변환하면서 데이터가 손실될 수 있습니다.
C:\Users\admin\source\repos\balltracker\balltracker\balltracker.cpp(104,20): warning C4244:  '인수': 'double'에서 'float'(으)로 변환하면서 데이터가 손실될 수 있습니다.
C:\Users\admin\source\repos\balltracker\balltracker\balltracker.cpp(236,92): warning C4244:  '인수': 'double'에서 '_Tp'(으)로 변환하면서 데이터가 손실될 수 있습니다.
C:\Users\admin\source\repos\balltracker\balltracker\balltracker.cpp(236,92): warning C4244:         with
C:\Users\admin\source\repos\balltracker\balltracker\balltracker.cpp(236,92): warning C4244:         [
C:\Users\admin\source\repos\balltracker\balltracker\balltracker.cpp(236,92): warning C4244:             _Tp=float
C:\Users\admin\source\repos\balltracker\balltracker\balltracker.cpp(236,92): warning C4244:         ]
C:\Users\admin\source\repos\balltracker\balltracker\balltracker.cpp(236,51): warning C4244:  '인수': 'double'에서 '_Tp'(으)로 변환하면서 데이터가 손실될 수 있습니다.
C:\Users\admin\source\repos\balltracker\balltracker\balltracker.cpp(236,51): warning C4244:         with
C:\Users\admin\source\repos\balltracker\balltracker\balltracker.cpp(236,51): warning C4244:         [
C:\Users\admin\source\repos\balltracker\balltracker\balltracker.cpp(236,51): warning C4244:             _Tp=float
C:\Users\admin\source\repos\balltracker\balltracker\balltracker.cpp(236,51): warning C4244:         ]
C:\Users\admin\source\repos\balltracker\balltracker\balltracker.cpp(310,24): warning C4553:  '==': 식의 결과가 사용되지 않습니다. '='을(를) 의도했습니까?
C:\Users\admin\source\repos\balltracker\balltracker\balltracker.cpp(432,50): warning C4305:  '인수': 'double'에서 '_Tp'(으)로 잘립니다.
C:\Users\admin\source\repos\balltracker\balltracker\balltracker.cpp(432,50): warning C4305:         with
C:\Users\admin\source\repos\balltracker\balltracker\balltracker.cpp(432,50): warning C4305:         [
C:\Users\admin\source\repos\balltracker\balltracker\balltracker.cpp(432,50): warning C4305:             _Tp=float
C:\Users\admin\source\repos\balltracker\balltracker\balltracker.cpp(432,50): warning C4305:         ]
C:\Users\admin\source\repos\balltracker\balltracker\balltracker.cpp(432,83): warning C4305:  '인수': 'double'에서 '_Tp'(으)로 잘립니다.
C:\Users\admin\source\repos\balltracker\balltracker\balltracker.cpp(432,83): warning C4305:         with
C:\Users\admin\source\repos\balltracker\balltracker\balltracker.cpp(432,83): warning C4305:         [
C:\Users\admin\source\repos\balltracker\balltracker\balltracker.cpp(432,83): warning C4305:             _Tp=float
C:\Users\admin\source\repos\balltracker\balltracker\balltracker.cpp(432,83): warning C4305:         ]
C:\Users\admin\source\repos\balltracker\balltracker\balltracker.cpp(432,116): warning C4305:  '인수': 'double'에서 '_Tp'(으)로 잘립니다.
C:\Users\admin\source\repos\balltracker\balltracker\balltracker.cpp(432,116): warning C4305:         with
C:\Users\admin\source\repos\balltracker\balltracker\balltracker.cpp(432,116): warning C4305:         [
C:\Users\admin\source\repos\balltracker\balltracker\balltracker.cpp(432,116): warning C4305:             _Tp=float
C:\Users\admin\source\repos\balltracker\balltracker\balltracker.cpp(432,116): warning C4305:         ]
C:\Users\admin\source\repos\balltracker\balltracker\balltracker.cpp(433,35): warning C4305:  '인수': 'double'에서 '_Tp'(으)로 잘립니다.
C:\Users\admin\source\repos\balltracker\balltracker\balltracker.cpp(433,35): warning C4305:         with
C:\Users\admin\source\repos\balltracker\balltracker\balltracker.cpp(433,35): warning C4305:         [
C:\Users\admin\source\repos\balltracker\balltracker\balltracker.cpp(433,35): warning C4305:             _Tp=float
C:\Users\admin\source\repos\balltracker\balltracker\balltracker.cpp(433,35): warning C4305:         ]
C:\Users\admin\source\repos\balltracker\balltracker\balltracker.cpp(433,68): warning C4305:  '인수': 'double'에서 '_Tp'(으)로 잘립니다.
C:\Users\admin\source\repos\balltracker\balltracker\balltracker.cpp(433,68): warning C4305:         with
C:\Users\admin\source\repos\balltracker\balltracker\balltracker.cpp(433,68): warning C4305:         [
C:\Users\admin\source\repos\balltracker\balltracker\balltracker.cpp(433,68): warning C4305:             _Tp=float
C:\Users\admin\source\repos\balltracker\balltracker\balltracker.cpp(433,68): warning C4305:         ]
C:\Users\admin\source\repos\balltracker\balltracker\balltracker.cpp(433,101): warning C4305:  '인수': 'double'에서 '_Tp'(으)로 잘립니다.
C:\Users\admin\source\repos\balltracker\balltracker\balltracker.cpp(433,101): warning C4305:         with
C:\Users\admin\source\repos\balltracker\balltracker\balltracker.cpp(433,101): warning C4305:         [
C:\Users\admin\source\repos\balltracker\balltracker\balltracker.cpp(433,101): warning C4305:             _Tp=float
C:\Users\admin\source\repos\balltracker\balltracker\balltracker.cpp(433,101): warning C4305:         ]
C:\Users\admin\source\repos\balltracker\balltracker\balltracker.cpp(434,36): warning C4305:  '인수': 'double'에서 '_Tp'(으)로 잘립니다.
C:\Users\admin\source\repos\balltracker\balltracker\balltracker.cpp(434,36): warning C4305:         with
C:\Users\admin\source\repos\balltracker\balltracker\balltracker.cpp(434,36): warning C4305:         [
C:\Users\admin\source\repos\balltracker\balltracker\balltracker.cpp(434,36): warning C4305:             _Tp=float
C:\Users\admin\source\repos\balltracker\balltracker\balltracker.cpp(434,36): warning C4305:         ]
C:\Users\admin\source\repos\balltracker\balltracker\balltracker.cpp(434,69): warning C4305:  '인수': 'double'에서 '_Tp'(으)로 잘립니다.
C:\Users\admin\source\repos\balltracker\balltracker\balltracker.cpp(434,69): warning C4305:         with
C:\Users\admin\source\repos\balltracker\balltracker\balltracker.cpp(434,69): warning C4305:         [
C:\Users\admin\source\repos\balltracker\balltracker\balltracker.cpp(434,69): warning C4305:             _Tp=float
C:\Users\admin\source\repos\balltracker\balltracker\balltracker.cpp(434,69): warning C4305:         ]
C:\Users\admin\source\repos\balltracker\balltracker\balltracker.cpp(434,102): warning C4305:  '인수': 'double'에서 '_Tp'(으)로 잘립니다.
C:\Users\admin\source\repos\balltracker\balltracker\balltracker.cpp(434,102): warning C4305:         with
C:\Users\admin\source\repos\balltracker\balltracker\balltracker.cpp(434,102): warning C4305:         [
C:\Users\admin\source\repos\balltracker\balltracker\balltracker.cpp(434,102): warning C4305:             _Tp=float
C:\Users\admin\source\repos\balltracker\balltracker\balltracker.cpp(434,102): warning C4305:         ]
C:\Users\admin\source\repos\balltracker\balltracker\balltracker.cpp(436,53): warning C4305:  '인수': 'double'에서 '_Tp'(으)로 잘립니다.
C:\Users\admin\source\repos\balltracker\balltracker\balltracker.cpp(436,53): warning C4305:         with
C:\Users\admin\source\repos\balltracker\balltracker\balltracker.cpp(436,53): warning C4305:         [
C:\Users\admin\source\repos\balltracker\balltracker\balltracker.cpp(436,53): warning C4305:             _Tp=float
C:\Users\admin\source\repos\balltracker\balltracker\balltracker.cpp(436,53): warning C4305:         ]
C:\Users\admin\source\repos\balltracker\balltracker\balltracker.cpp(436,86): warning C4305:  '인수': 'double'에서 '_Tp'(으)로 잘립니다.
C:\Users\admin\source\repos\balltracker\balltracker\balltracker.cpp(436,86): warning C4305:         with
C:\Users\admin\source\repos\balltracker\balltracker\balltracker.cpp(436,86): warning C4305:         [
C:\Users\admin\source\repos\balltracker\balltracker\balltracker.cpp(436,86): warning C4305:             _Tp=float
C:\Users\admin\source\repos\balltracker\balltracker\balltracker.cpp(436,86): warning C4305:         ]
C:\Users\admin\source\repos\balltracker\balltracker\balltracker.cpp(436,119): warning C4305:  '인수': 'double'에서 '_Tp'(으)로 잘립니다.
C:\Users\admin\source\repos\balltracker\balltracker\balltracker.cpp(436,119): warning C4305:         with
C:\Users\admin\source\repos\balltracker\balltracker\balltracker.cpp(436,119): warning C4305:         [
C:\Users\admin\source\repos\balltracker\balltracker\balltracker.cpp(436,119): warning C4305:             _Tp=float
C:\Users\admin\source\repos\balltracker\balltracker\balltracker.cpp(436,119): warning C4305:         ]
C:\Users\admin\source\repos\balltracker\balltracker\balltracker.cpp(437,35): warning C4305:  '인수': 'double'에서 '_Tp'(으)로 잘립니다.
C:\Users\admin\source\repos\balltracker\balltracker\balltracker.cpp(437,35): warning C4305:         with
C:\Users\admin\source\repos\balltracker\balltracker\balltracker.cpp(437,35): warning C4305:         [
C:\Users\admin\source\repos\balltracker\balltracker\balltracker.cpp(437,35): warning C4305:             _Tp=float
C:\Users\admin\source\repos\balltracker\balltracker\balltracker.cpp(437,35): warning C4305:         ]
C:\Users\admin\source\repos\balltracker\balltracker\balltracker.cpp(437,68): warning C4305:  '인수': 'double'에서 '_Tp'(으)로 잘립니다.
C:\Users\admin\source\repos\balltracker\balltracker\balltracker.cpp(437,68): warning C4305:         with
C:\Users\admin\source\repos\balltracker\balltracker\balltracker.cpp(437,68): warning C4305:         [
C:\Users\admin\source\repos\balltracker\balltracker\balltracker.cpp(437,68): warning C4305:             _Tp=float
C:\Users\admin\source\repos\balltracker\balltracker\balltracker.cpp(437,68): warning C4305:         ]
C:\Users\admin\source\repos\balltracker\balltracker\balltracker.cpp(437,101): warning C4305:  '인수': 'double'에서 '_Tp'(으)로 잘립니다.
C:\Users\admin\source\repos\balltracker\balltracker\balltracker.cpp(437,101): warning C4305:         with
C:\Users\admin\source\repos\balltracker\balltracker\balltracker.cpp(437,101): warning C4305:         [
C:\Users\admin\source\repos\balltracker\balltracker\balltracker.cpp(437,101): warning C4305:             _Tp=float
C:\Users\admin\source\repos\balltracker\balltracker\balltracker.cpp(437,101): warning C4305:         ]
C:\Users\admin\source\repos\balltracker\balltracker\balltracker.cpp(438,35): warning C4305:  '인수': 'double'에서 '_Tp'(으)로 잘립니다.
C:\Users\admin\source\repos\balltracker\balltracker\balltracker.cpp(438,35): warning C4305:         with
C:\Users\admin\source\repos\balltracker\balltracker\balltracker.cpp(438,35): warning C4305:         [
C:\Users\admin\source\repos\balltracker\balltracker\balltracker.cpp(438,35): warning C4305:             _Tp=float
C:\Users\admin\source\repos\balltracker\balltracker\balltracker.cpp(438,35): warning C4305:         ]
C:\Users\admin\source\repos\balltracker\balltracker\balltracker.cpp(438,68): warning C4305:  '인수': 'double'에서 '_Tp'(으)로 잘립니다.
C:\Users\admin\source\repos\balltracker\balltracker\balltracker.cpp(438,68): warning C4305:         with
C:\Users\admin\source\repos\balltracker\balltracker\balltracker.cpp(438,68): warning C4305:         [
C:\Users\admin\source\repos\balltracker\balltracker\balltracker.cpp(438,68): warning C4305:             _Tp=float
C:\Users\admin\source\repos\balltracker\balltracker\balltracker.cpp(438,68): warning C4305:         ]
C:\Users\admin\source\repos\balltracker\balltracker\balltracker.cpp(438,101): warning C4305:  '인수': 'double'에서 '_Tp'(으)로 잘립니다.
C:\Users\admin\source\repos\balltracker\balltracker\balltracker.cpp(438,101): warning C4305:         with
C:\Users\admin\source\repos\balltracker\balltracker\balltracker.cpp(438,101): warning C4305:         [
C:\Users\admin\source\repos\balltracker\balltracker\balltracker.cpp(438,101): warning C4305:             _Tp=float
C:\Users\admin\source\repos\balltracker\balltracker\balltracker.cpp(438,101): warning C4305:         ]
  balltracker.vcxproj -> C:\Users\admin\source\repos\balltracker\x64\Debug\balltracker.exe
